#
# There is insufficient memory for the Java Runtime Environment to continue.
# Native memory allocation (malloc) failed to allocate 882736 bytes for Chunk::new
# Possible reasons:
#   The system is out of physical RAM or swap space
#   The process is running with CompressedOops enabled, and the Java Heap may be blocking the growth of the native heap
# Possible solutions:
#   Reduce memory load on the system
#   Increase physical memory or swap space
#   Check if swap backing store is full
#   Decrease Java heap size (-Xmx/-Xms)
#   Decrease number of Java threads
#   Decrease Java thread stack sizes (-Xss)
#   Set larger code cache with -XX:ReservedCodeCacheSize=
#   JVM is running with Unscaled Compressed Oops mode in which the Java heap is
#     placed in the first 4GB address space. The Java Heap base address is the
#     maximum limit for the native heap growth. Please use -XX:HeapBaseMinAddress
#     to set the Java Heap base and to place the Java Heap above 4GB virtual address.
# This output file may be truncated or incomplete.
#
#  Out of Memory Error (allocation.cpp:389), pid=6376, tid=0x00000000000019c0
#
# JRE version: Java(TM) SE Runtime Environment (8.0_221-b11) (build 1.8.0_221-b11)
# Java VM: Java HotSpot(TM) 64-Bit Server VM (25.221-b11 mixed mode windows-amd64 compressed oops)
# Failed to write core dump. Minidumps are not enabled by default on client versions of Windows
#

---------------  T H R E A D  ---------------

Current thread (0x00000000156eb000):  JavaThread "C2 CompilerThread0" daemon [_thread_in_native, id=6592, stack(0x0000000016d20000,0x0000000016e20000)]

Stack: [0x0000000016d20000,0x0000000016e20000]
[error occurred during error reporting (printing stack bounds), id 0xc0000005]

Native frames: (J=compiled Java code, j=interpreted, Vv=VM code, C=native code)


Current CompileTask:
C2:   3606 1259  s    4       java.io.BufferedInputStream::read (113 bytes)


---------------  P R O C E S S  ---------------

Java Threads: ( => current thread )
  0x000000001868a000 JavaThread "Worker-JM" [_thread_blocked, id=18272, stack(0x0000000019570000,0x0000000019670000)]
  0x0000000018468000 JavaThread "Start Level: Equinox Container: 75a076ac-5927-4cae-b3b6-531b1c8b5f7b" daemon [_thread_in_Java, id=15804, stack(0x0000000019470000,0x0000000019570000)]
  0x0000000017ec6800 JavaThread "Framework Event Dispatcher: Equinox Container: 75a076ac-5927-4cae-b3b6-531b1c8b5f7b" daemon [_thread_blocked, id=10920, stack(0x0000000019370000,0x0000000019470000)]
  0x000000001792e800 JavaThread "Active Thread: Equinox Container: 75a076ac-5927-4cae-b3b6-531b1c8b5f7b" [_thread_blocked, id=1476, stack(0x00000000182a0000,0x00000000183a0000)]
  0x0000000016f2b000 JavaThread "Service Thread" daemon [_thread_blocked, id=3196, stack(0x0000000017420000,0x0000000017520000)]
  0x0000000016f28800 JavaThread "C1 CompilerThread2" daemon [_thread_blocked, id=9692, stack(0x0000000017320000,0x0000000017420000)]
  0x00000000156ef000 JavaThread "C2 CompilerThread1" daemon [_thread_in_native, id=18344, stack(0x0000000016e20000,0x0000000016f20000)]
=>0x00000000156eb000 JavaThread "C2 CompilerThread0" daemon [_thread_in_native, id=6592, stack(0x0000000016d20000,0x0000000016e20000)]
  0x00000000156e9000 JavaThread "Attach Listener" daemon [_thread_blocked, id=9052, stack(0x0000000016c20000,0x0000000016d20000)]
  0x00000000156e6000 JavaThread "Signal Dispatcher" daemon [_thread_blocked, id=17840, stack(0x0000000016b20000,0x0000000016c20000)]
  0x000000000300e000 JavaThread "Finalizer" daemon [_thread_blocked, id=32, stack(0x0000000016930000,0x0000000016a30000)]
  0x0000000003003800 JavaThread "Reference Handler" daemon [_thread_blocked, id=12956, stack(0x0000000016830000,0x0000000016930000)]
  0x0000000002f13800 JavaThread "main" [_thread_blocked, id=1456, stack(0x0000000002e10000,0x0000000002f10000)]

Other Threads:
  0x00000000156a7800 VMThread [stack: 0x0000000016730000,0x0000000016830000] [id=18928]
  0x0000000016f2e800 WatcherThread [stack: 0x0000000017520000,0x0000000017620000] [id=2572]

VM state:not at safepoint (normal execution)

VM Mutex/Monitor currently owned by a thread: None

heap address: 0x00000000c0000000, size: 1024 MB, Compressed Oops mode: 32-bit
Narrow klass base: 0x0000000000000000, Narrow klass shift: 3
Compressed class space size: 1073741824 Address: 0x0000000100000000

Heap:
 PSYoungGen      total 29696K, used 13528K [0x00000000eab00000, 0x00000000ecc00000, 0x0000000100000000)
  eden space 25600K, 36% used [0x00000000eab00000,0x00000000eb43a3b0,0x00000000ec400000)
  from space 4096K, 99% used [0x00000000ec400000,0x00000000ec7fc010,0x00000000ec800000)
  to   space 4096K, 0% used [0x00000000ec800000,0x00000000ec800000,0x00000000ecc00000)
 ParOldGen       total 68608K, used 2320K [0x00000000c0000000, 0x00000000c4300000, 0x00000000eab00000)
  object space 68608K, 3% used [0x00000000c0000000,0x00000000c02440a8,0x00000000c4300000)
 Metaspace       used 12588K, capacity 13348K, committed 13696K, reserved 1060864K
  class space    used 1320K, capacity 1541K, committed 1664K, reserved 1048576K

Card table byte_map: [0x00000000123d0000,0x00000000125e0000] byte_map_base: 0x0000000011dd0000

Marking Bits: (ParMarkBitMap*) 0x000000006a415ce0
 Begin Bits: [0x0000000012b40000, 0x0000000013b40000)
 End Bits:   [0x0000000013b40000, 0x0000000014b40000)

Polling page: 0x0000000002b20000

CodeCache: size=245760Kb used=4603Kb max_used=4603Kb free=241156Kb
 bounds [0x0000000003010000, 0x00000000034a0000, 0x0000000012010000]
 total_blobs=1647 nmethods=1270 adapters=288
 compilation: enabled

Compilation events (10 events):
Event: 3.522 Thread 0x0000000016f28800 nmethod 1267 0x0000000003488250 code [0x00000000034884c0, 0x0000000003489238]
Event: 3.599 Thread 0x0000000016f28800 1268       3       java.nio.charset.CharsetEncoder::<init> (113 bytes)
Event: 3.600 Thread 0x0000000016f28800 nmethod 1268 0x0000000003489890 code [0x0000000003489a60, 0x000000000348a148]
Event: 3.600 Thread 0x0000000016f28800 1269   !   3       sun.security.provider.DigestBase::engineDigest (39 bytes)
Event: 3.601 Thread 0x0000000016f28800 nmethod 1269 0x000000000348a390 code [0x000000000348a540, 0x000000000348aa88]
Event: 3.601 Thread 0x0000000016f28800 1270  s    3       java.util.Hashtable::remove (133 bytes)
Event: 3.601 Thread 0x0000000016f28800 nmethod 1270 0x000000000348ac50 code [0x000000000348ae00, 0x000000000348b638]
Event: 3.602 Thread 0x0000000016f28800 1271       3       java.util.LinkedHashMap::afterNodeAccess (116 bytes)
Event: 3.602 Thread 0x0000000016f28800 nmethod 1271 0x000000000348b990 code [0x000000000348bb00, 0x000000000348bfb0]
Event: 3.603 Thread 0x0000000016f28800 1272       3       org.eclipse.osgi.storage.bundlefile.CloseableBundleFile::getEntryPaths (104 bytes)

GC Heap History (2 events):
Event: 2.689 GC heap before
{Heap before GC invocations=1 (full 0):
 PSYoungGen      total 29696K, used 25600K [0x00000000eab00000, 0x00000000ecc00000, 0x0000000100000000)
  eden space 25600K, 100% used [0x00000000eab00000,0x00000000ec400000,0x00000000ec400000)
  from space 4096K, 0% used [0x00000000ec800000,0x00000000ec800000,0x00000000ecc00000)
  to   space 4096K, 0% used [0x00000000ec400000,0x00000000ec400000,0x00000000ec800000)
 ParOldGen       total 68608K, used 0K [0x00000000c0000000, 0x00000000c4300000, 0x00000000eab00000)
  object space 68608K, 0% used [0x00000000c0000000,0x00000000c0000000,0x00000000c4300000)
 Metaspace       used 8824K, capacity 9084K, committed 9216K, reserved 1056768K
  class space    used 912K, capacity 1008K, committed 1024K, reserved 1048576K
Event: 2.720 GC heap after
Heap after GC invocations=1 (full 0):
 PSYoungGen      total 29696K, used 4080K [0x00000000eab00000, 0x00000000ecc00000, 0x0000000100000000)
  eden space 25600K, 0% used [0x00000000eab00000,0x00000000eab00000,0x00000000ec400000)
  from space 4096K, 99% used [0x00000000ec400000,0x00000000ec7fc010,0x00000000ec800000)
  to   space 4096K, 0% used [0x00000000ec800000,0x00000000ec800000,0x00000000ecc00000)
 ParOldGen       total 68608K, used 2320K [0x00000000c0000000, 0x00000000c4300000, 0x00000000eab00000)
  object space 68608K, 3% used [0x00000000c0000000,0x00000000c02440a8,0x00000000c4300000)
 Metaspace       used 8824K, capacity 9084K, committed 9216K, reserved 1056768K
  class space    used 912K, capacity 1008K, committed 1024K, reserved 1048576K
}

Deoptimization events (10 events):
Event: 3.036 Thread 0x0000000018468000 Uncommon trap: reason=bimorphic action=maybe_recompile pc=0x00000000033dd534 method=java.io.DataInputStream.readByte()B @ 4
Event: 3.036 Thread 0x0000000018468000 Uncommon trap: reason=bimorphic action=maybe_recompile pc=0x00000000033daa64 method=java.io.DataInputStream.readInt()I @ 4
Event: 3.036 Thread 0x0000000018468000 Uncommon trap: reason=bimorphic action=maybe_recompile pc=0x00000000033dd534 method=java.io.DataInputStream.readByte()B @ 4
Event: 3.036 Thread 0x0000000018468000 Uncommon trap: reason=bimorphic action=maybe_recompile pc=0x00000000033dd534 method=java.io.DataInputStream.readByte()B @ 4
Event: 3.036 Thread 0x0000000018468000 Uncommon trap: reason=bimorphic action=maybe_recompile pc=0x00000000033dd534 method=java.io.DataInputStream.readByte()B @ 4
Event: 3.036 Thread 0x0000000018468000 Uncommon trap: reason=bimorphic action=maybe_recompile pc=0x00000000033daa64 method=java.io.DataInputStream.readInt()I @ 4
Event: 3.036 Thread 0x0000000018468000 Uncommon trap: reason=bimorphic action=maybe_recompile pc=0x00000000033daa64 method=java.io.DataInputStream.readInt()I @ 4
Event: 3.036 Thread 0x0000000018468000 Uncommon trap: reason=bimorphic action=maybe_recompile pc=0x00000000033daa64 method=java.io.DataInputStream.readInt()I @ 4
Event: 3.288 Thread 0x0000000018468000 Uncommon trap: reason=unstable_if action=reinterpret pc=0x0000000003452b88 method=java.util.Properties.loadConvert([CII[C)Ljava/lang/String; @ 445
Event: 3.506 Thread 0x0000000018468000 Uncommon trap: reason=unloaded action=reinterpret pc=0x000000000323f9b0 method=java.io.DataInputStream.readUnsignedShort()I @ 22

Classes redefined (0 events):
No events

Internal exceptions (10 events):
Event: 1.593 Thread 0x0000000002f13800 Exception <a 'java/lang/ClassNotFoundException': sun/net/www/protocol/c/Handler> (0x00000000eb5ebdc8) thrown at [C:\re\workspace\8-2-build-windows-amd64-cygwin\jdk8u221\13320\hotspot\src\share\vm\classfile\systemDictionary.cpp, line 210]
Event: 1.594 Thread 0x0000000002f13800 Exception <a 'java/lang/ClassNotFoundException': sun/net/www/protocol/c/Handler> (0x00000000eb5ed598) thrown at [C:\re\workspace\8-2-build-windows-amd64-cygwin\jdk8u221\13320\hotspot\src\share\vm\classfile\systemDictionary.cpp, line 210]
Event: 1.595 Thread 0x0000000002f13800 Exception <a 'java/lang/ClassNotFoundException': sun/net/www/protocol/c/Handler> (0x00000000eb5eebb8) thrown at [C:\re\workspace\8-2-build-windows-amd64-cygwin\jdk8u221\13320\hotspot\src\share\vm\classfile\systemDictionary.cpp, line 210]
Event: 1.605 Thread 0x0000000002f13800 Exception <a 'java/io/FileNotFoundException'> (0x00000000eb616648) thrown at [C:\re\workspace\8-2-build-windows-amd64-cygwin\jdk8u221\13320\hotspot\src\share\vm\prims\jni.cpp, line 710]
Event: 2.506 Thread 0x0000000002f13800 Exception <a 'java/lang/UnsatisfiedLinkError': org.eclipse.equinox.launcher.JNIBridge._update_splash()V> (0x00000000ec1ffd90) thrown at [C:\re\workspace\8-2-build-windows-amd64-cygwin\jdk8u221\13320\hotspot\src\share\vm\prims\nativeLookup.cpp, line 378]
Event: 2.556 Thread 0x0000000017ec6800 Implicit null exception at 0x00000000031b7489 to 0x00000000031b7569
Event: 2.777 Thread 0x0000000018468000 Exception <a 'java/lang/NoSuchFieldError': method resolution failed> (0x00000000eabe72c0) thrown at [C:\re\workspace\8-2-build-windows-amd64-cygwin\jdk8u221\13320\hotspot\src\share\vm\prims\methodHandles.cpp, line 1167]
Event: 2.780 Thread 0x0000000018468000 Exception <a 'java/lang/NoSuchFieldError': method resolution failed> (0x00000000eabf4a00) thrown at [C:\re\workspace\8-2-build-windows-amd64-cygwin\jdk8u221\13320\hotspot\src\share\vm\prims\methodHandles.cpp, line 1167]
Event: 2.926 Thread 0x0000000018468000 Exception <a 'java/io/FileNotFoundException'> (0x00000000ead86d28) thrown at [C:\re\workspace\8-2-build-windows-amd64-cygwin\jdk8u221\13320\hotspot\src\share\vm\prims\jni.cpp, line 710]
Event: 3.190 Thread 0x0000000018468000 Exception <a 'java/io/FileNotFoundException'> (0x00000000eb19a350) thrown at [C:\re\workspace\8-2-build-windows-amd64-cygwin\jdk8u221\13320\hotspot\src\share\vm\prims\jni.cpp, line 710]

Events (10 events):
Event: 3.525 loading class org/eclipse/osgi/internal/hookregistry/FrameworkUtilHelper
Event: 3.525 loading class org/eclipse/osgi/internal/hookregistry/FrameworkUtilHelper done
Event: 3.526 loading class org/osgi/framework/FrameworkUtil$2
Event: 3.526 loading class org/osgi/framework/FrameworkUtil$2 done
Event: 3.599 loading class org/eclipse/osgi/storage/bundlefile/ZipBundleFile$1
Event: 3.599 loading class org/eclipse/osgi/storage/bundlefile/ZipBundleFile$1 done
Event: 3.600 loading class org/eclipse/osgi/storage/bundlefile/ZipBundleFile$1$1
Event: 3.600 loading class org/eclipse/osgi/storage/bundlefile/ZipBundleFile$1$1 done
Event: 3.603 loading class org/eclipse/osgi/internal/framework/FilterImpl$DictionaryMap
Event: 3.603 loading class org/eclipse/osgi/internal/framework/FilterImpl$DictionaryMap done


Dynamic libraries:
0x00007ff6fd9e0000 - 0x00007ff6fda17000 	C:\Program Files\Java\jdk1.8.0_221\bin\java.exe
0x00007ff91fdb0000 - 0x00007ff91ff91000 	C:\WINDOWS\SYSTEM32\ntdll.dll
0x00007ff91fcc0000 - 0x00007ff91fd71000 	C:\WINDOWS\System32\KERNEL32.DLL
0x00007ff91c170000 - 0x00007ff91c3e3000 	C:\WINDOWS\System32\KERNELBASE.dll
0x00007ff91e9a0000 - 0x00007ff91ea41000 	C:\WINDOWS\System32\ADVAPI32.dll
0x00007ff91e8a0000 - 0x00007ff91e93e000 	C:\WINDOWS\System32\msvcrt.dll
0x00007ff91f270000 - 0x00007ff91f2cb000 	C:\WINDOWS\System32\sechost.dll
0x00007ff91e770000 - 0x00007ff91e894000 	C:\WINDOWS\System32\RPCRT4.dll
0x00007ff91eff0000 - 0x00007ff91f180000 	C:\WINDOWS\System32\USER32.dll
0x00007ff91cce0000 - 0x00007ff91cd00000 	C:\WINDOWS\System32\win32u.dll
0x00007ff91f2d0000 - 0x00007ff91f2f8000 	C:\WINDOWS\System32\GDI32.dll
0x00007ff91cd50000 - 0x00007ff91cee1000 	C:\WINDOWS\System32\gdi32full.dll
0x00007ff91d0e0000 - 0x00007ff91d17f000 	C:\WINDOWS\System32\msvcp_win.dll
0x00007ff91c3f0000 - 0x00007ff91c4e8000 	C:\WINDOWS\System32\ucrtbase.dll
0x00007ff8ff5b0000 - 0x00007ff8ff819000 	C:\WINDOWS\WinSxS\amd64_microsoft.windows.common-controls_6595b64144ccf1df_6.0.17134.1425_none_d3fdcfc37c922690\COMCTL32.dll
0x00007ff91f330000 - 0x00007ff91f651000 	C:\WINDOWS\System32\combase.dll
0x00007ff91c4f0000 - 0x00007ff91c569000 	C:\WINDOWS\System32\bcryptPrimitives.dll
0x00007ff91f300000 - 0x00007ff91f32d000 	C:\WINDOWS\System32\IMM32.DLL
0x000000006a4a0000 - 0x000000006a572000 	C:\Program Files\Java\jdk1.8.0_221\jre\bin\msvcr100.dll
0x0000000069bf0000 - 0x000000006a495000 	C:\Program Files\Java\jdk1.8.0_221\jre\bin\server\jvm.dll
0x00007ff91d230000 - 0x00007ff91d238000 	C:\WINDOWS\System32\PSAPI.DLL
0x00007ff901980000 - 0x00007ff901989000 	C:\WINDOWS\SYSTEM32\WSOCK32.dll
0x00007ff91eca0000 - 0x00007ff91ed0c000 	C:\WINDOWS\System32\WS2_32.dll
0x00007ff903320000 - 0x00007ff903343000 	C:\WINDOWS\SYSTEM32\WINMM.dll
0x00007ff9032f0000 - 0x00007ff90331a000 	C:\WINDOWS\SYSTEM32\WINMMBASE.dll
0x00007ff91cd00000 - 0x00007ff91cd49000 	C:\WINDOWS\System32\cfgmgr32.dll
0x00007ff917b30000 - 0x00007ff917b3a000 	C:\WINDOWS\SYSTEM32\VERSION.dll
0x00007ff90ca90000 - 0x00007ff90ca9f000 	C:\Program Files\Java\jdk1.8.0_221\jre\bin\verify.dll
0x00007ff90b440000 - 0x00007ff90b469000 	C:\Program Files\Java\jdk1.8.0_221\jre\bin\java.dll
0x00007ff90b5c0000 - 0x00007ff90b5d6000 	C:\Program Files\Java\jdk1.8.0_221\jre\bin\zip.dll
0x00007ff91d240000 - 0x00007ff91e685000 	C:\WINDOWS\System32\SHELL32.dll
0x00007ff91ea50000 - 0x00007ff91eaf9000 	C:\WINDOWS\System32\shcore.dll
0x00007ff91c5d0000 - 0x00007ff91cce0000 	C:\WINDOWS\System32\windows.storage.dll
0x00007ff91e940000 - 0x00007ff91e991000 	C:\WINDOWS\System32\shlwapi.dll
0x00007ff91c0c0000 - 0x00007ff91c0d1000 	C:\WINDOWS\System32\kernel.appcore.dll
0x00007ff91c0e0000 - 0x00007ff91c0ff000 	C:\WINDOWS\System32\profapi.dll
0x00007ff91c100000 - 0x00007ff91c14c000 	C:\WINDOWS\System32\powrprof.dll
0x00007ff91c0b0000 - 0x00007ff91c0ba000 	C:\WINDOWS\System32\FLTLIB.DLL
0x00007ff90a410000 - 0x00007ff90a42a000 	C:\Program Files\Java\jdk1.8.0_221\jre\bin\net.dll
0x00007ff9072c0000 - 0x00007ff90748b000 	C:\WINDOWS\SYSTEM32\urlmon.dll
0x00007ff907010000 - 0x00007ff9072b7000 	C:\WINDOWS\SYSTEM32\iertutil.dll
0x00007ff91bb00000 - 0x00007ff91bb0b000 	C:\WINDOWS\SYSTEM32\CRYPTBASE.DLL
0x00007ff91b930000 - 0x00007ff91b996000 	C:\WINDOWS\system32\mswsock.dll
0x00007ff90a3f0000 - 0x00007ff90a402000 	C:\Program Files\Java\jdk1.8.0_221\jre\bin\nio.dll
0x00007ff91bae0000 - 0x00007ff91baf7000 	C:\WINDOWS\SYSTEM32\CRYPTSP.dll
0x00007ff91b4e0000 - 0x00007ff91b513000 	C:\WINDOWS\system32\rsaenh.dll
0x00007ff91bc10000 - 0x00007ff91bc35000 	C:\WINDOWS\SYSTEM32\bcrypt.dll
0x00007ff91bfb0000 - 0x00007ff91bfd8000 	C:\WINDOWS\SYSTEM32\USERENV.dll
0x00007ff91b680000 - 0x00007ff91b6b8000 	C:\WINDOWS\SYSTEM32\IPHLPAPI.DLL
0x00007ff91f660000 - 0x00007ff91f668000 	C:\WINDOWS\System32\NSI.dll
0x00007ff918700000 - 0x00007ff918716000 	C:\WINDOWS\SYSTEM32\dhcpcsvc6.DLL
0x00007ff9186e0000 - 0x00007ff9186fa000 	C:\WINDOWS\SYSTEM32\dhcpcsvc.DLL
0x00007ff90be10000 - 0x00007ff90be39000 	C:\Users\gmarchetta\AppData\Roaming\Code\User\globalStorage\redhat.java\0.61.0\config_win\org.eclipse.equinox.launcher\org.eclipse.equinox.launcher.win32.win32.x86_64_1.1.1100.v20190907-0426\eclipse_1902.dll

VM Arguments:
jvm_args: -Declipse.application=org.eclipse.jdt.ls.core.id1 -Dosgi.bundles.defaultStartLevel=4 -Declipse.product=org.eclipse.jdt.ls.core.product -Dfile.encoding=utf8 -DwatchParentProcess=false -XX:+UseParallelGC -XX:GCTimeRatio=4 -XX:AdaptiveSizePolicyWeight=90 -Dsun.zip.disableMemoryMapping=true -Xmx1G -Xms100m -Xverify:none 
java_command: c:\Users\gmarchetta\.vscode\extensions\redhat.java-0.61.0\server\plugins\org.eclipse.equinox.launcher_1.5.700.v20200207-2156.jar -configuration c:\Users\gmarchetta\AppData\Roaming\Code\User\globalStorage\redhat.java\0.61.0\config_win -data c:\Users\gmarchetta\AppData\Roaming\Code\User\workspaceStorage\b7dfc68b3b17c830009e141cd170d848\redhat.java\jdt_ws
java_class_path (initial): c:\Users\gmarchetta\.vscode\extensions\redhat.java-0.61.0\server\plugins\org.eclipse.equinox.launcher_1.5.700.v20200207-2156.jar
Launcher Type: SUN_STANDARD

Environment Variables:
JAVA_HOME=C:\Program Files\Java\jdk1.8.0_221
PATH=C:\Program Files (x86)\Common Files\Oracle\Java\javapath;C:\ProgramData\Oracle\Java\javapath;C:\Program Files\Common Files\Microsoft Shared\Microsoft Online Services;C:\Program Files (x86)\Common Files\Microsoft Shared\Microsoft Online Services;C:\WINDOWS\system32;C:\WINDOWS;C:\WINDOWS\System32\Wbem;C:\WINDOWS\System32\WindowsPowerShell\v1.0\;C:\Windows\CCM;C:\Program Files (x86)\Windows Kits\8.1\Windows Performance Toolkit\;C:\Program Files\Microsoft SQL Server\110\Tools\Binn\;C:\Program Files (x86)\Microsoft SDKs\TypeScript\1.0\;C:\Program Files\Microsoft SQL Server\120\Tools\Binn\;c:\Program Files (x86)\Microsoft SQL Server\110\Tools\Binn\;c:\Program Files\Microsoft SQL Server\110\DTS\Binn\;c:\Program Files (x86)\Microsoft SQL Server\110\Tools\Binn\ManagementStudio\;c:\Program Files (x86)\Microsoft SQL Server\110\DTS\Binn\;C:\WINDOWS\System32\OpenSSH\;C:\Program Files (x86)\Intel\Intel(R) Management Engine Components\DAL;C:\Program Files\Intel\Intel(R) Management Engine Components\DAL;C:\Program Files\Intel\WiFi\bin\;C:\Program Files\Common Files\Intel\WirelessCommon\;C:\apache-maven-3.6.2\bin;C:\Program Files\nodejs\;C:\Program Files\Git\cmd;C:\Program Files\RedHat\java-1.8.0-openjdk-1.8.0.242-3\bin;C:\Program Files\RedHat\java-1.8.0-openjdk-1.8.0.242-3\jre\bin;C:\Ruby27-x64\bin;C:\Users\gmarchetta\Desktop\Prueba Cucumber+Selenium\BrowsersDrivers;C:\Users\gmarchetta\AppData\Local\Programs\Python\Python37-32\Scripts\;C:\Users\gmarchetta\AppData\Local\Programs\Python\Python37-32\;C:\Users\gmarchetta\AppData\Local\Microsoft\WindowsApps;C:\Program Files\Intel\WiFi\bin\;C:\Program Files\Common Files\Intel\WirelessCommon\;C:\Program Files\JetBrains\RubyMine 2019.2.1\bin;C:\Users\gmarchetta\AppData\Roaming\npm;C:\Users\gmarchetta\AppData\Local\GitHubDesktop\bin;C:\Users\gmarchetta\AppData\Local\Programs\Microsoft VS Code\bin
USERNAME=gmarchetta
OS=Windows_NT
PROCESSOR_IDENTIFIER=Intel64 Family 6 Model 142 Stepping 9, GenuineIntel



---------------  S Y S T E M  ---------------

OS: Windows 10.0 , 64 bit Build 17134 (10.0.17134.1425)

CPU:total 4 (initial active 4) (2 cores per cpu, 2 threads per core) family 6 model 142 stepping 9, cmov, cx8, fxsr, mmx, sse, sse2, sse3, ssse3, sse4.1, sse4.2, popcnt, avx, avx2, aes, clmul, erms, rtm, 3dnowpref, lzcnt, ht, tsc, tscinvbit, bmi1, bmi2, adx

Memory: 4k page, physical 16416100k(3058512k free), swap 16416100k(6236k free)

vm_info: Java HotSpot(TM) 64-Bit Server VM (25.221-b11) for windows-amd64 JRE (1.8.0_221-b11), built on Jul  4 2019 04:39:29 by "java_re" with MS VC++ 10.0 (VS2010)

time: Sun May 10 04:19:36 2020
timezone: Argentina Standard Time
elapsed time: 3 seconds (0d 0h 0m 3s)

