#
# There is insufficient memory for the Java Runtime Environment to continue.
# Native memory allocation (malloc) failed to allocate 1285328 bytes for Chunk::new
# Possible reasons:
#   The system is out of physical RAM or swap space
#   The process is running with CompressedOops enabled, and the Java Heap may be blocking the growth of the native heap
# Possible solutions:
#   Reduce memory load on the system
#   Increase physical memory or swap space
#   Check if swap backing store is full
#   Decrease Java heap size (-Xmx/-Xms)
#   Decrease number of Java threads
#   Decrease Java thread stack sizes (-Xss)
#   Set larger code cache with -XX:ReservedCodeCacheSize=
#   JVM is running with Zero Based Compressed Oops mode in which the Java heap is
#     placed in the first 32GB address space. The Java Heap base address is the
#     maximum limit for the native heap growth. Please use -XX:HeapBaseMinAddress
#     to set the Java Heap base and to place the Java Heap above 32GB virtual address.
# This output file may be truncated or incomplete.
#
#  Out of Memory Error (allocation.cpp:389), pid=20352, tid=0x0000000000005044
#
# JRE version: Java(TM) SE Runtime Environment (8.0_221-b11) (build 1.8.0_221-b11)
# Java VM: Java HotSpot(TM) 64-Bit Server VM (25.221-b11 mixed mode windows-amd64 compressed oops)
# Failed to write core dump. Minidumps are not enabled by default on client versions of Windows
#

---------------  T H R E A D  ---------------

Current thread (0x000000001dda9000):  JavaThread "C2 CompilerThread0" daemon [_thread_in_native, id=20548, stack(0x000000001df50000,0x000000001e050000)]

Stack: [0x000000001df50000,0x000000001e050000]
[error occurred during error reporting (printing stack bounds), id 0xc0000005]

Native frames: (J=compiled Java code, j=interpreted, Vv=VM code, C=native code)


Current CompileTask:
C2:   4701 1897       4       com.sun.nio.zipfs.ZipFileSystem::addToTree (119 bytes)


---------------  P R O C E S S  ---------------

Java Threads: ( => current thread )
  0x000000001e7a2000 JavaThread "ForkJoinPool-1-worker-1" daemon [_thread_in_Java, id=21868, stack(0x0000000020680000,0x0000000020780000)]
  0x000000001e80a800 JavaThread "pool-1-thread-1" [_thread_blocked, id=14440, stack(0x0000000020580000,0x0000000020680000)]
  0x000000001e164800 JavaThread "Service Thread" daemon [_thread_blocked, id=3248, stack(0x000000001ea50000,0x000000001eb50000)]
  0x000000001dd90000 JavaThread "C1 CompilerThread2" daemon [_thread_blocked, id=4452, stack(0x000000001e950000,0x000000001ea50000)]
  0x000000001dd74000 JavaThread "C2 CompilerThread1" daemon [_thread_blocked, id=8264, stack(0x000000001e050000,0x000000001e150000)]
=>0x000000001dda9000 JavaThread "C2 CompilerThread0" daemon [_thread_in_native, id=20548, stack(0x000000001df50000,0x000000001e050000)]
  0x000000001dda7000 JavaThread "Monitor Ctrl-Break" daemon [_thread_in_native, id=13072, stack(0x000000001de50000,0x000000001df50000)]
  0x000000001c3ff800 JavaThread "Attach Listener" daemon [_thread_blocked, id=17708, stack(0x000000001d940000,0x000000001da40000)]
  0x000000001c3fe000 JavaThread "Signal Dispatcher" daemon [_thread_blocked, id=16764, stack(0x000000001d840000,0x000000001d940000)]
  0x0000000002ecc000 JavaThread "Finalizer" daemon [_thread_blocked, id=11452, stack(0x000000001d650000,0x000000001d750000)]
  0x000000001c3da000 JavaThread "Reference Handler" daemon [_thread_blocked, id=9840, stack(0x000000001d550000,0x000000001d650000)]
  0x0000000002dd8000 JavaThread "main" [_thread_blocked, id=14880, stack(0x0000000002bc0000,0x0000000002cc0000)]

Other Threads:
  0x000000001c3b8000 VMThread [stack: 0x000000001d450000,0x000000001d550000] [id=7844]
  0x000000001e217000 WatcherThread [stack: 0x000000001eb50000,0x000000001ec50000] [id=19928]

VM state:not at safepoint (normal execution)

VM Mutex/Monitor currently owned by a thread: None

heap address: 0x00000006c5800000, size: 4008 MB, Compressed Oops mode: Zero based, Oop shift amount: 3
Narrow klass base: 0x0000000000000000, Narrow klass shift: 3
Compressed class space size: 1073741824 Address: 0x00000007c0000000

Heap:
 PSYoungGen      total 75264K, used 33650K [0x000000076c800000, 0x0000000771c00000, 0x00000007c0000000)
  eden space 64512K, 35% used [0x000000076c800000,0x000000076de62f08,0x0000000770700000)
  from space 10752K, 99% used [0x0000000770700000,0x0000000771179950,0x0000000771180000)
  to   space 10752K, 0% used [0x0000000771180000,0x0000000771180000,0x0000000771c00000)
 ParOldGen       total 172032K, used 116K [0x00000006c5800000, 0x00000006d0000000, 0x000000076c800000)
  object space 172032K, 0% used [0x00000006c5800000,0x00000006c581d188,0x00000006d0000000)
 Metaspace       used 19498K, capacity 20168K, committed 20352K, reserved 1067008K
  class space    used 2365K, capacity 2655K, committed 2688K, reserved 1048576K

Card table byte_map: [0x0000000012410000,0x0000000012bf0000] byte_map_base: 0x000000000ede4000

Marking Bits: (ParMarkBitMap*) 0x0000000060015ce0
 Begin Bits: [0x0000000013530000, 0x00000000173d0000)
 End Bits:   [0x00000000173d0000, 0x000000001b270000)

Polling page: 0x0000000000bd0000

CodeCache: size=245760Kb used=6155Kb max_used=6155Kb free=239604Kb
 bounds [0x0000000003050000, 0x0000000003660000, 0x0000000012050000]
 total_blobs=2422 nmethods=1971 adapters=362
 compilation: enabled

Compilation events (10 events):
Event: 4.630 Thread 0x000000001dd90000 1968       3       java.nio.Buffer::remaining (10 bytes)
Event: 4.630 Thread 0x000000001dd90000 nmethod 1968 0x0000000003654910 code [0x0000000003654a60, 0x0000000003654bb0]
Event: 4.653 Thread 0x000000001dd90000 1969       1       sun.nio.fs.WindowsFileSystem::supportsLinks (5 bytes)
Event: 4.654 Thread 0x000000001dd90000 nmethod 1969 0x0000000003654650 code [0x00000000036547a0, 0x00000000036548b0]
Event: 4.658 Thread 0x000000001dd90000 1970       3       java.nio.CharBuffer::array (35 bytes)
Event: 4.658 Thread 0x000000001dd90000 nmethod 1970 0x00000000036540d0 code [0x0000000003654260, 0x0000000003654558]
Event: 4.661 Thread 0x000000001dd90000 1971   !   3       sun.nio.fs.WindowsPath::getPathForWin32Calls (138 bytes)
Event: 4.663 Thread 0x000000001dd90000 nmethod 1971 0x0000000003652550 code [0x00000000036527c0, 0x00000000036538c8]
Event: 4.695 Thread 0x000000001dd90000 1972       3       sun.nio.fs.WindowsPath::hashCode (52 bytes)
Event: 4.696 Thread 0x000000001dd90000 nmethod 1972 0x0000000003654c10 code [0x0000000003654de0, 0x00000000036554e8]

GC Heap History (2 events):
Event: 3.979 GC heap before
{Heap before GC invocations=1 (full 0):
 PSYoungGen      total 75264K, used 64512K [0x000000076c800000, 0x0000000771c00000, 0x00000007c0000000)
  eden space 64512K, 100% used [0x000000076c800000,0x0000000770700000,0x0000000770700000)
  from space 10752K, 0% used [0x0000000771180000,0x0000000771180000,0x0000000771c00000)
  to   space 10752K, 0% used [0x0000000770700000,0x0000000770700000,0x0000000771180000)
 ParOldGen       total 172032K, used 0K [0x00000006c5800000, 0x00000006d0000000, 0x000000076c800000)
  object space 172032K, 0% used [0x00000006c5800000,0x00000006c5800000,0x00000006d0000000)
 Metaspace       used 17968K, capacity 18534K, committed 18688K, reserved 1064960K
  class space    used 2158K, capacity 2433K, committed 2560K, reserved 1048576K
Event: 3.995 GC heap after
Heap after GC invocations=1 (full 0):
 PSYoungGen      total 75264K, used 10726K [0x000000076c800000, 0x0000000771c00000, 0x00000007c0000000)
  eden space 64512K, 0% used [0x000000076c800000,0x000000076c800000,0x0000000770700000)
  from space 10752K, 99% used [0x0000000770700000,0x0000000771179950,0x0000000771180000)
  to   space 10752K, 0% used [0x0000000771180000,0x0000000771180000,0x0000000771c00000)
 ParOldGen       total 172032K, used 116K [0x00000006c5800000, 0x00000006d0000000, 0x000000076c800000)
  object space 172032K, 0% used [0x00000006c5800000,0x00000006c581d188,0x00000006d0000000)
 Metaspace       used 17968K, capacity 18534K, committed 18688K, reserved 1064960K
  class space    used 2158K, capacity 2433K, committed 2560K, reserved 1048576K
}

Deoptimization events (10 events):
Event: 2.860 Thread 0x0000000002dd8000 Uncommon trap: reason=unstable_if action=reinterpret pc=0x000000000339a61c method=org.antlr.karate.runtime.CodePointCharStream$CodePoint8BitCharStream.LA(I)I @ 72
Event: 3.662 Thread 0x0000000002dd8000 Uncommon trap: reason=unstable_if action=reinterpret pc=0x000000000351719c method=jdk.internal.org.objectweb.asm.Frame.pop()I @ 4
Event: 3.748 Thread 0x000000001e80a800 Uncommon trap: reason=unstable_if action=reinterpret pc=0x00000000033f6ca0 method=java.util.regex.Pattern$Slice.match(Ljava/util/regex/Matcher;ILjava/lang/CharSequence;)Z @ 18
Event: 4.003 Thread 0x000000001e7a2000 Uncommon trap: reason=unstable_if action=reinterpret pc=0x0000000003580df4 method=java.lang.ref.ReferenceQueue.poll()Ljava/lang/ref/Reference; @ 4
Event: 4.029 Thread 0x000000001e7a2000 Uncommon trap: reason=unstable_if action=reinterpret pc=0x0000000003544ed8 method=java.lang.ref.SoftReference.get()Ljava/lang/Object; @ 17
Event: 4.063 Thread 0x000000001e7a2000 Uncommon trap: reason=unstable_if action=reinterpret pc=0x0000000003535d94 method=java.util.HashMap.putVal(ILjava/lang/Object;Ljava/lang/Object;ZZ)Ljava/lang/Object; @ 236
Event: 4.089 Thread 0x000000001e7a2000 Uncommon trap: reason=unstable_if action=reinterpret pc=0x00000000035cd348 method=java.lang.invoke.MemberName.getMethodOrFieldType()Ljava/lang/invoke/MethodType; @ 16
Event: 4.184 Thread 0x000000001e7a2000 Uncommon trap: reason=unstable_if action=reinterpret pc=0x000000000359d108 method=java.util.concurrent.ConcurrentHashMap.putVal(Ljava/lang/Object;Ljava/lang/Object;Z)Ljava/lang/Object; @ 206
Event: 4.290 Thread 0x000000001e7a2000 Uncommon trap: reason=unstable_if action=reinterpret pc=0x00000000032ef42c method=java.util.zip.ZipCoder.getBytes(Ljava/lang/String;)[B @ 32
Event: 4.290 Thread 0x000000001e7a2000 Uncommon trap: reason=unstable_if action=reinterpret pc=0x00000000032851d0 method=java.util.zip.ZipCoder.getBytes(Ljava/lang/String;)[B @ 32

Classes redefined (0 events):
No events

Internal exceptions (10 events):
Event: 2.578 Thread 0x0000000002dd8000 Exception <a 'java/lang/ArrayIndexOutOfBoundsException'> (0x000000076e0bb870) thrown at [C:\re\workspace\8-2-build-windows-amd64-cygwin\jdk8u221\13320\hotspot\src\share\vm\runtime\sharedRuntime.cpp, line 605]
Event: 2.579 Thread 0x0000000002dd8000 Exception <a 'java/lang/ArrayIndexOutOfBoundsException'> (0x000000076e0bd5e0) thrown at [C:\re\workspace\8-2-build-windows-amd64-cygwin\jdk8u221\13320\hotspot\src\share\vm\runtime\sharedRuntime.cpp, line 605]
Event: 3.759 Thread 0x0000000002dd8000 Exception <a 'java/lang/NoSuchMethodError': org.slf4j.impl.StaticMDCBinder.getSingleton()Lorg/slf4j/impl/StaticMDCBinder;> (0x00000007700def60) thrown at [C:\re\workspace\8-2-build-windows-amd64-cygwin\jdk8u221\13320\hotspot\src\share\vm\interpreter\linkR
Event: 3.956 Thread 0x000000001e7a2000 Exception <a 'java/lang/IncompatibleClassChangeError': Found class java.lang.Object, but interface was expected> (0x0000000770685ef0) thrown at [C:\re\workspace\8-2-build-windows-amd64-cygwin\jdk8u221\13320\hotspot\src\share\vm\interpreter\linkResolver.cp
Event: 3.957 Thread 0x000000001e7a2000 Exception <a 'java/lang/IncompatibleClassChangeError': Found class java.lang.Object, but interface was expected> (0x000000077068f340) thrown at [C:\re\workspace\8-2-build-windows-amd64-cygwin\jdk8u221\13320\hotspot\src\share\vm\interpreter\linkResolver.cp
Event: 3.979 Thread 0x000000001e7a2000 Exception <a 'java/lang/ClassNotFoundException': jdk/nashorn/internal/runtime/ScriptFunction> (0x00000007706ef208) thrown at [C:\re\workspace\8-2-build-windows-amd64-cygwin\jdk8u221\13320\hotspot\src\share\vm\classfile\systemDictionary.cpp, line 210]
Event: 4.029 Thread 0x000000001e7a2000 Exception <a 'sun/nio/fs/WindowsException'> (0x000000076c9b4cd8) thrown at [C:\re\workspace\8-2-build-windows-amd64-cygwin\jdk8u221\13320\hotspot\src\share\vm\prims\jni.cpp, line 710]
Event: 4.029 Thread 0x000000001e7a2000 Exception <a 'java/io/FileNotFoundException'> (0x000000076c9b5a38) thrown at [C:\re\workspace\8-2-build-windows-amd64-cygwin\jdk8u221\13320\hotspot\src\share\vm\prims\jni.cpp, line 710]
Event: 4.289 Thread 0x000000001e7a2000 Exception <a 'sun/nio/fs/WindowsException'> (0x000000076d0e0930) thrown at [C:\re\workspace\8-2-build-windows-amd64-cygwin\jdk8u221\13320\hotspot\src\share\vm\prims\jni.cpp, line 710]
Event: 4.289 Thread 0x000000001e7a2000 Exception <a 'sun/nio/fs/WindowsException'> (0x000000076d0e1578) thrown at [C:\re\workspace\8-2-build-windows-amd64-cygwin\jdk8u221\13320\hotspot\src\share\vm\prims\jni.cpp, line 710]

Events (10 events):
Event: 4.312 loading class sun/nio/fs/WindowsChannelFactory$2
Event: 4.312 loading class sun/nio/fs/WindowsChannelFactory$2 done
Event: 4.312 loading class com/sun/nio/file/ExtendedOpenOption
Event: 4.312 loading class com/sun/nio/file/ExtendedOpenOption done
Event: 4.313 loading class com/sun/nio/zipfs/ZipConstants
Event: 4.313 loading class com/sun/nio/zipfs/ZipConstants done
Event: 4.313 loading class com/sun/nio/zipfs/ZipFileSystem$END
Event: 4.313 loading class com/sun/nio/zipfs/ZipFileSystem$END done
Event: 4.482 loading class sun/nio/fs/WindowsFileStore
Event: 4.483 loading class sun/nio/fs/WindowsFileStore done


Dynamic libraries:
0x00007ff6b23e0000 - 0x00007ff6b2417000 	C:\Program Files\Java\jdk1.8.0_221\bin\java.exe
0x00007ff8fd350000 - 0x00007ff8fd531000 	C:\WINDOWS\SYSTEM32\ntdll.dll
0x00007ff8fbd90000 - 0x00007ff8fbe41000 	C:\WINDOWS\System32\KERNEL32.DLL
0x00007ff8f9ff0000 - 0x00007ff8fa263000 	C:\WINDOWS\System32\KERNELBASE.dll
0x00007ff8fadc0000 - 0x00007ff8fae61000 	C:\WINDOWS\System32\ADVAPI32.dll
0x00007ff8fb120000 - 0x00007ff8fb1be000 	C:\WINDOWS\System32\msvcrt.dll
0x00007ff8fd2c0000 - 0x00007ff8fd31b000 	C:\WINDOWS\System32\sechost.dll
0x00007ff8fb4f0000 - 0x00007ff8fb614000 	C:\WINDOWS\System32\RPCRT4.dll
0x00007ff8faf90000 - 0x00007ff8fb120000 	C:\WINDOWS\System32\USER32.dll
0x00007ff8fa270000 - 0x00007ff8fa290000 	C:\WINDOWS\System32\win32u.dll
0x00007ff8faf60000 - 0x00007ff8faf88000 	C:\WINDOWS\System32\GDI32.dll
0x00007ff8fa2f0000 - 0x00007ff8fa481000 	C:\WINDOWS\System32\gdi32full.dll
0x00007ff8fa730000 - 0x00007ff8fa7cf000 	C:\WINDOWS\System32\msvcp_win.dll
0x00007ff8f9710000 - 0x00007ff8f9808000 	C:\WINDOWS\System32\ucrtbase.dll
0x00007ff8dec90000 - 0x00007ff8deef9000 	C:\WINDOWS\WinSxS\amd64_microsoft.windows.common-controls_6595b64144ccf1df_6.0.17134.1425_none_d3fdcfc37c922690\COMCTL32.dll
0x00007ff8fb1c0000 - 0x00007ff8fb4e1000 	C:\WINDOWS\System32\combase.dll
0x00007ff8f9810000 - 0x00007ff8f9889000 	C:\WINDOWS\System32\bcryptPrimitives.dll
0x00007ff8fbbe0000 - 0x00007ff8fbc0d000 	C:\WINDOWS\System32\IMM32.DLL
0x00000000621c0000 - 0x0000000062292000 	C:\Program Files\Java\jdk1.8.0_221\jre\bin\msvcr100.dll
0x000000005f7f0000 - 0x0000000060095000 	C:\Program Files\Java\jdk1.8.0_221\jre\bin\server\jvm.dll
0x00007ff8fab40000 - 0x00007ff8fab48000 	C:\WINDOWS\System32\PSAPI.DLL
0x00007ff8e0340000 - 0x00007ff8e0349000 	C:\WINDOWS\SYSTEM32\WSOCK32.dll
0x00007ff8fa910000 - 0x00007ff8fa97c000 	C:\WINDOWS\System32\WS2_32.dll
0x00007ff8de360000 - 0x00007ff8de383000 	C:\WINDOWS\SYSTEM32\WINMM.dll
0x00007ff8f4870000 - 0x00007ff8f487a000 	C:\WINDOWS\SYSTEM32\VERSION.dll
0x00007ff8de320000 - 0x00007ff8de34a000 	C:\WINDOWS\SYSTEM32\WINMMBASE.dll
0x00007ff8f9890000 - 0x00007ff8f98d9000 	C:\WINDOWS\System32\cfgmgr32.dll
0x00007ff8edae0000 - 0x00007ff8edaef000 	C:\Program Files\Java\jdk1.8.0_221\jre\bin\verify.dll
0x00007ff8ecac0000 - 0x00007ff8ecae9000 	C:\Program Files\Java\jdk1.8.0_221\jre\bin\java.dll
0x00007ff8e82e0000 - 0x00007ff8e8303000 	C:\Program Files\Java\jdk1.8.0_221\jre\bin\instrument.dll
0x00007ff8ecaa0000 - 0x00007ff8ecab6000 	C:\Program Files\Java\jdk1.8.0_221\jre\bin\zip.dll
0x00007ff8fbe70000 - 0x00007ff8fd2b5000 	C:\WINDOWS\System32\SHELL32.dll
0x00007ff8fbb30000 - 0x00007ff8fbbd9000 	C:\WINDOWS\System32\shcore.dll
0x00007ff8f98e0000 - 0x00007ff8f9ff0000 	C:\WINDOWS\System32\windows.storage.dll
0x00007ff8fa7d0000 - 0x00007ff8fa821000 	C:\WINDOWS\System32\shlwapi.dll
0x00007ff8f96f0000 - 0x00007ff8f9701000 	C:\WINDOWS\System32\kernel.appcore.dll
0x00007ff8f9650000 - 0x00007ff8f966f000 	C:\WINDOWS\System32\profapi.dll
0x00007ff8f9680000 - 0x00007ff8f96cc000 	C:\WINDOWS\System32\powrprof.dll
0x00007ff8f9670000 - 0x00007ff8f967a000 	C:\WINDOWS\System32\FLTLIB.DLL
0x00007ff8ed6d0000 - 0x00007ff8ed6ea000 	C:\Program Files\JetBrains\IntelliJ IDEA Community Edition 2020.1\bin\breakgen64.dll
0x00007ff8eca80000 - 0x00007ff8eca9a000 	C:\Program Files\Java\jdk1.8.0_221\jre\bin\net.dll
0x00007ff8e4720000 - 0x00007ff8e48eb000 	C:\WINDOWS\SYSTEM32\urlmon.dll
0x00007ff8e4470000 - 0x00007ff8e4717000 	C:\WINDOWS\SYSTEM32\iertutil.dll
0x00007ff8f90a0000 - 0x00007ff8f90ab000 	C:\WINDOWS\SYSTEM32\CRYPTBASE.DLL
0x00007ff8f8ed0000 - 0x00007ff8f8f36000 	C:\WINDOWS\system32\mswsock.dll
0x00007ff8eca60000 - 0x00007ff8eca72000 	C:\Program Files\Java\jdk1.8.0_221\jre\bin\nio.dll

VM Arguments:
jvm_args: -Dorg.jetbrains.run.directory=C:\Users\gmarchetta\Documents\BBVA\RepoKarate\src\test\java\suite\accounts -javaagent:C:\Program Files\JetBrains\IntelliJ IDEA Community Edition 2020.1\lib\idea_rt.jar=2679:C:\Program Files\JetBrains\IntelliJ IDEA Community Edition 2020.1\bin -Dfile.encoding=UTF-8 
java_command: cucumber.api.cli.Main --plugin org.jetbrains.plugins.cucumber.java.run.CucumberJvmSMFormatter --monochrome --name ^validar consulta con credenciales invalidas STATUS CODE 401$ --glue com.intuit.karate C:/Users/gmarchetta/Documents/BBVA/RepoKarate/src/test/java/suite/accounts/account.feature
java_class_path (initial): C:\Program Files\Java\jdk1.8.0_221\jre\lib\charsets.jar;C:\Program Files\Java\jdk1.8.0_221\jre\lib\deploy.jar;C:\Program Files\Java\jdk1.8.0_221\jre\lib\ext\access-bridge-64.jar;C:\Program Files\Java\jdk1.8.0_221\jre\lib\ext\cldrdata.jar;C:\Program Files\Java\jdk1.8.0_221\jre\lib\ext\dnsns.jar;C:\Program Files\Java\jdk1.8.0_221\jre\lib\ext\jaccess.jar;C:\Program Files\Java\jdk1.8.0_221\jre\lib\ext\jfxrt.jar;C:\Program Files\Java\jdk1.8.0_221\jre\lib\ext\localedata.jar;C:\Program Files\Java\jdk1.8.0_221\jre\lib\ext\nashorn.jar;C:\Program Files\Java\jdk1.8.0_221\jre\lib\ext\sunec.jar;C:\Program Files\Java\jdk1.8.0_221\jre\lib\ext\sunjce_provider.jar;C:\Program Files\Java\jdk1.8.0_221\jre\lib\ext\sunmscapi.jar;C:\Program Files\Java\jdk1.8.0_221\jre\lib\ext\sunpkcs11.jar;C:\Program Files\Java\jdk1.8.0_221\jre\lib\ext\zipfs.jar;C:\Program Files\Java\jdk1.8.0_221\jre\lib\javaws.jar;C:\Program Files\Java\jdk1.8.0_221\jre\lib\jce.jar;C:\Program Files\Java\jdk1.8.0_221\jre\lib\jfr.jar;C:\Program Files\Java\jdk1.8.0_221\jre\lib\jfxswt.jar;C:\Program Files\Java\jdk1.8.0_221\jre\lib\jsse.jar;C:\Program Files\Java\jdk1.8.0_221\jre\lib\management-agent.jar;C:\Program Files\Java\jdk1.8.0_221\jre\lib\plugin.jar;C:\Program Files\Java\jdk1.8.0_221\jre\lib\resources.jar;C:\Program Files\Java\jdk1.8.0_221\jre\lib\rt.jar;C:\Users\gmarchetta\Documents\BBVA\RepoKarate\target\test-classes;C:\Users\gmarchetta\.m2\repository\com\intuit\karate\karate-apache\0.9.5\karate-apache-0.9.5.jar;C:\Users\gmarchetta\.m2\repository\com\intuit\karate\karate-core\0.9.5\karate-core-0.9.5.jar;C:\Users\gmarchetta\.m2\repository\com\jayway\jsonpath\json-path\2.4.0\json-path-2.4.0.jar;C:\Users\gmarchetta\.m2\repository\net\minidev\json-smart\2.3\json-smart-2.3.jar;C:\Users\gmarchetta\.m2\repository\net\minidev\accessors-smart\1.2\accessors-smart-1.2.jar;C:\Users\gmarchetta\.m2\repository\org\ow2\asm\asm\5.0.4\asm-5.0.4.jar;C:\Users\gmarchetta\.m2\repository\info\cukes\cucumber-java
Launcher Type: SUN_STANDARD

Environment Variables:
JAVA_HOME=C:\Program Files\Java\jdk1.8.0_221
PATH=C:\Program Files (x86)\Common Files\Oracle\Java\javapath;C:\ProgramData\Oracle\Java\javapath;C:\Program Files\Common Files\Microsoft Shared\Microsoft Online Services;C:\Program Files (x86)\Common Files\Microsoft Shared\Microsoft Online Services;C:\WINDOWS\system32;C:\WINDOWS;C:\WINDOWS\System32\Wbem;C:\WINDOWS\System32\WindowsPowerShell\v1.0\;C:\Windows\CCM;C:\Program Files (x86)\Windows Kits\8.1\Windows Performance Toolkit\;C:\Program Files\Microsoft SQL Server\110\Tools\Binn\;C:\Program Files (x86)\Microsoft SDKs\TypeScript\1.0\;C:\Program Files\Microsoft SQL Server\120\Tools\Binn\;c:\Program Files (x86)\Microsoft SQL Server\110\Tools\Binn\;c:\Program Files\Microsoft SQL Server\110\DTS\Binn\;c:\Program Files (x86)\Microsoft SQL Server\110\Tools\Binn\ManagementStudio\;c:\Program Files (x86)\Microsoft SQL Server\110\DTS\Binn\;C:\WINDOWS\System32\OpenSSH\;C:\Program Files (x86)\Intel\Intel(R) Management Engine Components\DAL;C:\Program Files\Intel\Intel(R) Management Engine Components\DAL;C:\Program Files\Intel\WiFi\bin\;C:\Program Files\Common Files\Intel\WirelessCommon\;C:\apache-maven-3.6.2\bin;C:\Program Files\nodejs\;C:\Program Files\Git\cmd;C:\Program Files\RedHat\java-1.8.0-openjdk-1.8.0.242-3\bin;C:\Program Files\RedHat\java-1.8.0-openjdk-1.8.0.242-3\jre\bin;C:\Ruby27-x64\bin;C:\Users\gmarchetta\Desktop\Prueba Cucumber+Selenium\BrowsersDrivers;C:\Users\gmarchetta\AppData\Local\Programs\Python\Python37-32\Scripts\;C:\Users\gmarchetta\AppData\Local\Programs\Python\Python37-32\;C:\Users\gmarchetta\AppData\Local\Microsoft\WindowsApps;C:\Program Files\Intel\WiFi\bin\;C:\Program Files\Common Files\Intel\WirelessCommon\;C:\Program Files\JetBrains\RubyMine 2019.2.1\bin;C:\Users\gmarchetta\AppData\Roaming\npm;C:\Users\gmarchetta\AppData\Local\Programs\Microsoft VS Code\bin;C:\Users\gmarchetta\AppData\Local\GitHubDesktop\bin
USERNAME=gmarchetta
OS=Windows_NT
PROCESSOR_IDENTIFIER=Intel64 Family 6 Model 142 Stepping 9, GenuineIntel



---------------  S Y S T E M  ---------------

OS: Windows 10.0 , 64 bit Build 17134 (10.0.17134.1425)

CPU:total 4 (initial active 4) (2 cores per cpu, 2 threads per core) family 6 model 142 stepping 9, cmov, cx8, fxsr, mmx, sse, sse2, sse3, ssse3, sse4.1, sse4.2, popcnt, avx, avx2, aes, clmul, erms, rtm, 3dnowpref, lzcnt, ht, tsc, tscinvbit, bmi1, bmi2, adx

Memory: 4k page, physical 16416100k(2816180k free), swap 16416100k(5492k free)

vm_info: Java HotSpot(TM) 64-Bit Server VM (25.221-b11) for windows-amd64 JRE (1.8.0_221-b11), built on Jul  4 2019 04:39:29 by "java_re" with MS VC++ 10.0 (VS2010)

time: Fri May 01 04:13:13 2020
timezone: Argentina Standard Time
elapsed time: 4 seconds (0d 0h 0m 4s)

