#
# There is insufficient memory for the Java Runtime Environment to continue.
# Native memory allocation (malloc) failed to allocate 789936 bytes for Chunk::new
# Possible reasons:
#   The system is out of physical RAM or swap space
#   The process is running with CompressedOops enabled, and the Java Heap may be blocking the growth of the native heap
# Possible solutions:
#   Reduce memory load on the system
#   Increase physical memory or swap space
#   Check if swap backing store is full
#   Decrease Java heap size (-Xmx/-Xms)
#   Decrease number of Java threads
#   Decrease Java thread stack sizes (-Xss)
#   Set larger code cache with -XX:ReservedCodeCacheSize=
#   JVM is running with Zero Based Compressed Oops mode in which the Java heap is
#     placed in the first 32GB address space. The Java Heap base address is the
#     maximum limit for the native heap growth. Please use -XX:HeapBaseMinAddress
#     to set the Java Heap base and to place the Java Heap above 32GB virtual address.
# This output file may be truncated or incomplete.
#
#  Out of Memory Error (allocation.cpp:389), pid=3276, tid=0x0000000000003394
#
# JRE version: Java(TM) SE Runtime Environment (8.0_221-b11) (build 1.8.0_221-b11)
# Java VM: Java HotSpot(TM) 64-Bit Server VM (25.221-b11 mixed mode windows-amd64 compressed oops)
# Failed to write core dump. Minidumps are not enabled by default on client versions of Windows
#

---------------  T H R E A D  ---------------

Current thread (0x000000001d684800):  JavaThread "C2 CompilerThread1" daemon [_thread_in_native, id=13204, stack(0x000000001da80000,0x000000001db80000)]

Stack: [0x000000001da80000,0x000000001db80000]
[error occurred during error reporting (printing stack bounds), id 0xc0000005]

Native frames: (J=compiled Java code, j=interpreted, Vv=VM code, C=native code)


Current CompileTask:
C2:   4956 1596       4       java.net.URLClassLoader$1::run (5 bytes)


---------------  P R O C E S S  ---------------

Java Threads: ( => current thread )
  0x000000001d68b800 JavaThread "Service Thread" daemon [_thread_blocked, id=14184, stack(0x000000001dc80000,0x000000001dd80000)]
  0x000000001d687800 JavaThread "C1 CompilerThread2" daemon [_thread_blocked, id=1916, stack(0x000000001db80000,0x000000001dc80000)]
=>0x000000001d684800 JavaThread "C2 CompilerThread1" daemon [_thread_in_native, id=13204, stack(0x000000001da80000,0x000000001db80000)]
  0x000000001bf43000 JavaThread "C2 CompilerThread0" daemon [_thread_blocked, id=7296, stack(0x000000001d580000,0x000000001d680000)]
  0x000000001bf41800 JavaThread "Attach Listener" daemon [_thread_blocked, id=14640, stack(0x000000001d480000,0x000000001d580000)]
  0x000000001bf40800 JavaThread "Signal Dispatcher" daemon [_thread_blocked, id=15508, stack(0x000000001d380000,0x000000001d480000)]
  0x000000001bf29800 JavaThread "Finalizer" daemon [_thread_blocked, id=6816, stack(0x000000001d190000,0x000000001d290000)]
  0x0000000002b94000 JavaThread "Reference Handler" daemon [_thread_blocked, id=14012, stack(0x000000001d090000,0x000000001d190000)]
  0x0000000002aa4000 JavaThread "main" [_thread_in_vm, id=2864, stack(0x0000000002950000,0x0000000002a50000)]

Other Threads:
  0x000000001bf08000 VMThread [stack: 0x000000001cf90000,0x000000001d090000] [id=7344]
  0x000000001d68e000 WatcherThread [stack: 0x000000001dd80000,0x000000001de80000] [id=17560]

VM state:not at safepoint (normal execution)

VM Mutex/Monitor currently owned by a thread: None

heap address: 0x00000006c5800000, size: 4008 MB, Compressed Oops mode: Zero based, Oop shift amount: 3
Narrow klass base: 0x0000000000000000, Narrow klass shift: 3
Compressed class space size: 1073741824 Address: 0x00000007c0000000

Heap:
 PSYoungGen      total 75264K, used 29038K [0x000000076c800000, 0x0000000771c00000, 0x00000007c0000000)
  eden space 64512K, 28% used [0x000000076c800000,0x000000076da16100,0x0000000770700000)
  from space 10752K, 97% used [0x0000000770700000,0x0000000771145a38,0x0000000771180000)
  to   space 10752K, 0% used [0x0000000771180000,0x0000000771180000,0x0000000771c00000)
 ParOldGen       total 172032K, used 16K [0x00000006c5800000, 0x00000006d0000000, 0x000000076c800000)
  object space 172032K, 0% used [0x00000006c5800000,0x00000006c5804000,0x00000006d0000000)
 Metaspace       used 14751K, capacity 15036K, committed 15232K, reserved 1062912K
  class space    used 1811K, capacity 1908K, committed 1920K, reserved 1048576K

Card table byte_map: [0x0000000011f60000,0x0000000012740000] byte_map_base: 0x000000000e934000

Marking Bits: (ParMarkBitMap*) 0x000000006a415ce0
 Begin Bits: [0x0000000013080000, 0x0000000016f20000)
 End Bits:   [0x0000000016f20000, 0x000000001adc0000)

Polling page: 0x0000000000fd0000

CodeCache: size=245760Kb used=5541Kb max_used=5541Kb free=240218Kb
 bounds [0x0000000002ba0000, 0x0000000003110000, 0x0000000011ba0000]
 total_blobs=1983 nmethods=1628 adapters=267
 compilation: enabled

Compilation events (10 events):
Event: 4.848 Thread 0x000000001d687800 1626       3       java.util.regex.Pattern$Node::<init> (12 bytes)
Event: 4.848 Thread 0x000000001d687800 nmethod 1626 0x0000000003105410 code [0x0000000003105580, 0x0000000003105750]
Event: 4.848 Thread 0x000000001d687800 1627       3       java.util.Collections$UnmodifiableMap$UnmodifiableEntrySet$1::hasNext (10 bytes)
Event: 4.848 Thread 0x000000001d687800 nmethod 1627 0x0000000003109d90 code [0x0000000003109f00, 0x000000000310a128]
Event: 4.849 Thread 0x000000001d687800 1628       3       java.util.Collections$UnmodifiableMap$UnmodifiableEntrySet$1::next (5 bytes)
Event: 4.849 Thread 0x000000001d687800 nmethod 1628 0x000000000310a1d0 code [0x000000000310a380, 0x000000000310a998]
Event: 4.849 Thread 0x000000001d687800 1629       3       java.util.Collections$UnmodifiableMap$UnmodifiableEntrySet$UnmodifiableEntry::getKey (10 bytes)
Event: 4.850 Thread 0x000000001d687800 nmethod 1629 0x000000000310ac90 code [0x000000000310ae00, 0x000000000310b028]
Event: 4.850 Thread 0x000000001d687800 1630       3       java.util.Collections$UnmodifiableMap$UnmodifiableEntrySet$UnmodifiableEntry::getValue (10 bytes)
Event: 4.850 Thread 0x000000001d687800 nmethod 1630 0x000000000310b0d0 code [0x000000000310b240, 0x000000000310b468]

GC Heap History (2 events):
Event: 3.575 GC heap before
{Heap before GC invocations=1 (full 0):
 PSYoungGen      total 75264K, used 64512K [0x000000076c800000, 0x0000000771c00000, 0x00000007c0000000)
  eden space 64512K, 100% used [0x000000076c800000,0x0000000770700000,0x0000000770700000)
  from space 10752K, 0% used [0x0000000771180000,0x0000000771180000,0x0000000771c00000)
  to   space 10752K, 0% used [0x0000000770700000,0x0000000770700000,0x0000000771180000)
 ParOldGen       total 172032K, used 0K [0x00000006c5800000, 0x00000006d0000000, 0x000000076c800000)
  object space 172032K, 0% used [0x00000006c5800000,0x00000006c5800000,0x00000006d0000000)
 Metaspace       used 11845K, capacity 12064K, committed 12416K, reserved 1060864K
  class space    used 1474K, capacity 1546K, committed 1664K, reserved 1048576K
Event: 3.593 GC heap after
Heap after GC invocations=1 (full 0):
 PSYoungGen      total 75264K, used 10518K [0x000000076c800000, 0x0000000771c00000, 0x00000007c0000000)
  eden space 64512K, 0% used [0x000000076c800000,0x000000076c800000,0x0000000770700000)
  from space 10752K, 97% used [0x0000000770700000,0x0000000771145a38,0x0000000771180000)
  to   space 10752K, 0% used [0x0000000771180000,0x0000000771180000,0x0000000771c00000)
 ParOldGen       total 172032K, used 16K [0x00000006c5800000, 0x00000006d0000000, 0x000000076c800000)
  object space 172032K, 0% used [0x00000006c5800000,0x00000006c5804000,0x00000006d0000000)
 Metaspace       used 11845K, capacity 12064K, committed 12416K, reserved 1060864K
  class space    used 1474K, capacity 1546K, committed 1664K, reserved 1048576K
}

Deoptimization events (10 events):
Event: 1.995 Thread 0x0000000002aa4000 Uncommon trap: reason=unstable_if action=reinterpret pc=0x0000000002e53000 method=sun.nio.cs.StreamDecoder.implRead([CII)I @ 197
Event: 1.999 Thread 0x0000000002aa4000 Uncommon trap: reason=unstable_if action=reinterpret pc=0x0000000002e63470 method=org.codehaus.plexus.util.xml.pull.MXParser.nextImpl()I @ 241
Event: 2.066 Thread 0x0000000002aa4000 Uncommon trap: reason=unstable_if action=reinterpret pc=0x0000000002e79230 method=sun.nio.cs.StreamDecoder.implRead([CII)I @ 197
Event: 2.154 Thread 0x0000000002aa4000 Uncommon trap: reason=unstable_if action=reinterpret pc=0x0000000002e5a3dc method=sun.nio.cs.StreamDecoder.implRead([CII)I @ 71
Event: 2.205 Thread 0x0000000002aa4000 Uncommon trap: reason=unstable_if action=reinterpret pc=0x0000000002e0a558 method=java.util.HashMap.getNode(ILjava/lang/Object;)Ljava/util/HashMap$Node; @ 129
Event: 2.235 Thread 0x0000000002aa4000 Uncommon trap: reason=range_check action=make_not_entrant pc=0x0000000002eccf28 method=sun.reflect.generics.parser.SignatureParser.current()C @ 34
Event: 4.288 Thread 0x0000000002aa4000 Uncommon trap: reason=unstable_if action=reinterpret pc=0x00000000030b7058 method=org.eclipse.sisu.inject.InjectorBindings.isAssignableFrom(Lcom/google/inject/TypeLiteral;Lcom/google/inject/Binding;)Z @ 14
Event: 4.694 Thread 0x0000000002aa4000 Uncommon trap: reason=unstable_if action=reinterpret pc=0x0000000002d53400 method=java.lang.String.replace(CC)Ljava/lang/String; @ 2
Event: 4.765 Thread 0x0000000002aa4000 Uncommon trap: reason=unstable_if action=reinterpret pc=0x0000000002fd4c20 method=java.lang.String.substring(I)Ljava/lang/String; @ 35
Event: 4.886 Thread 0x0000000002aa4000 Uncommon trap: reason=predicate action=maybe_recompile pc=0x0000000002f3a988 method=java.lang.String.regionMatches(ZILjava/lang/String;II)Z @ 63

Classes redefined (0 events):
No events

Internal exceptions (10 events):
Event: 2.235 Thread 0x0000000002aa4000 Exception <a 'java/lang/ArrayIndexOutOfBoundsException': 66> (0x000000076e64e888) thrown at [C:\re\workspace\8-2-build-windows-amd64-cygwin\jdk8u221\13320\hotspot\src\share\vm\interpreter\interpreterRuntime.cpp, line 368]
Event: 3.925 Thread 0x0000000002aa4000 Exception <a 'java/lang/NoClassDefFoundError': com/google/inject/servlet/ServletModuleTargetVisitor> (0x000000076cecad30) thrown at [C:\re\workspace\8-2-build-windows-amd64-cygwin\jdk8u221\13320\hotspot\src\share\vm\classfile\systemDictionary.cpp, line 19
Event: 3.925 Thread 0x0000000002aa4000 Exception <a 'java/lang/NoClassDefFoundError'> (0x000000076cecad30) thrown at [C:\re\workspace\8-2-build-windows-amd64-cygwin\jdk8u221\13320\hotspot\src\share\vm\prims\jvm.cpp, line 1506]
Event: 3.926 Thread 0x0000000002aa4000 Exception <a 'java/lang/NoClassDefFoundError': javax/annotation/Priority> (0x000000076cecf828) thrown at [C:\re\workspace\8-2-build-windows-amd64-cygwin\jdk8u221\13320\hotspot\src\share\vm\classfile\systemDictionary.cpp, line 199]
Event: 4.411 Thread 0x0000000002aa4000 Exception <a 'java/lang/NullPointerException'> (0x000000076d49e410) thrown at [C:\re\workspace\8-2-build-windows-amd64-cygwin\jdk8u221\13320\hotspot\src\share\vm\interpreter\linkResolver.cpp, line 1185]
Event: 4.412 Thread 0x0000000002aa4000 Exception <a 'java/lang/NullPointerException'> (0x000000076d49e628) thrown at [C:\re\workspace\8-2-build-windows-amd64-cygwin\jdk8u221\13320\hotspot\src\share\vm\interpreter\linkResolver.cpp, line 1185]
Event: 4.412 Thread 0x0000000002aa4000 Exception <a 'java/lang/NullPointerException'> (0x000000076d49e840) thrown at [C:\re\workspace\8-2-build-windows-amd64-cygwin\jdk8u221\13320\hotspot\src\share\vm\interpreter\linkResolver.cpp, line 1185]
Event: 4.413 Thread 0x0000000002aa4000 Exception <a 'java/lang/NullPointerException'> (0x000000076d4a65a8) thrown at [C:\re\workspace\8-2-build-windows-amd64-cygwin\jdk8u221\13320\hotspot\src\share\vm\interpreter\linkResolver.cpp, line 1185]
Event: 4.413 Thread 0x0000000002aa4000 Exception <a 'java/lang/NullPointerException'> (0x000000076d4a67c0) thrown at [C:\re\workspace\8-2-build-windows-amd64-cygwin\jdk8u221\13320\hotspot\src\share\vm\interpreter\linkResolver.cpp, line 1185]
Event: 4.413 Thread 0x0000000002aa4000 Exception <a 'java/lang/NullPointerException'> (0x000000076d4a69d8) thrown at [C:\re\workspace\8-2-build-windows-amd64-cygwin\jdk8u221\13320\hotspot\src\share\vm\interpreter\linkResolver.cpp, line 1185]

Events (10 events):
Event: 4.886 Thread 0x0000000002aa4000 DEOPT PACKING pc=0x0000000002f3a988 sp=0x0000000002a4c040
Event: 4.886 Thread 0x0000000002aa4000 DEOPT UNPACKING pc=0x0000000002be583b sp=0x0000000002a4bfd0 mode 2
Event: 4.886 loading class java/net/InetAddress$2
Event: 4.887 loading class sun/net/spi/nameservice/NameService
Event: 4.887 loading class sun/net/spi/nameservice/NameService done
Event: 4.887 loading class java/net/InetAddress$2 done
Event: 4.945 loading class java/net/Inet4Address
Event: 4.945 loading class java/net/Inet4Address done
Event: 4.945 loading class java/net/Inet6Address
Event: 4.946 loading class java/net/Inet6Address done


Dynamic libraries:
0x00007ff6fd9e0000 - 0x00007ff6fda17000 	C:\Program Files\Java\jdk1.8.0_221\bin\java.exe
0x00007ff91fdb0000 - 0x00007ff91ff91000 	C:\WINDOWS\SYSTEM32\ntdll.dll
0x00007ff91fcc0000 - 0x00007ff91fd71000 	C:\WINDOWS\System32\KERNEL32.DLL
0x00007ff91c170000 - 0x00007ff91c3e3000 	C:\WINDOWS\System32\KERNELBASE.dll
0x00007ff91e9a0000 - 0x00007ff91ea41000 	C:\WINDOWS\System32\ADVAPI32.dll
0x00007ff91e8a0000 - 0x00007ff91e93e000 	C:\WINDOWS\System32\msvcrt.dll
0x00007ff91f270000 - 0x00007ff91f2cb000 	C:\WINDOWS\System32\sechost.dll
0x00007ff91e770000 - 0x00007ff91e894000 	C:\WINDOWS\System32\RPCRT4.dll
0x00007ff91eff0000 - 0x00007ff91f180000 	C:\WINDOWS\System32\USER32.dll
0x00007ff91cce0000 - 0x00007ff91cd00000 	C:\WINDOWS\System32\win32u.dll
0x00007ff91f2d0000 - 0x00007ff91f2f8000 	C:\WINDOWS\System32\GDI32.dll
0x00007ff91cd50000 - 0x00007ff91cee1000 	C:\WINDOWS\System32\gdi32full.dll
0x00007ff91d0e0000 - 0x00007ff91d17f000 	C:\WINDOWS\System32\msvcp_win.dll
0x00007ff91c3f0000 - 0x00007ff91c4e8000 	C:\WINDOWS\System32\ucrtbase.dll
0x00007ff8ff5b0000 - 0x00007ff8ff819000 	C:\WINDOWS\WinSxS\amd64_microsoft.windows.common-controls_6595b64144ccf1df_6.0.17134.1425_none_d3fdcfc37c922690\COMCTL32.dll
0x00007ff91f330000 - 0x00007ff91f651000 	C:\WINDOWS\System32\combase.dll
0x00007ff91c4f0000 - 0x00007ff91c569000 	C:\WINDOWS\System32\bcryptPrimitives.dll
0x00007ff91f300000 - 0x00007ff91f32d000 	C:\WINDOWS\System32\IMM32.DLL
0x000000006a4a0000 - 0x000000006a572000 	C:\Program Files\Java\jdk1.8.0_221\jre\bin\msvcr100.dll
0x0000000069bf0000 - 0x000000006a495000 	C:\Program Files\Java\jdk1.8.0_221\jre\bin\server\jvm.dll
0x00007ff91d230000 - 0x00007ff91d238000 	C:\WINDOWS\System32\PSAPI.DLL
0x00007ff901980000 - 0x00007ff901989000 	C:\WINDOWS\SYSTEM32\WSOCK32.dll
0x00007ff91eca0000 - 0x00007ff91ed0c000 	C:\WINDOWS\System32\WS2_32.dll
0x00007ff903320000 - 0x00007ff903343000 	C:\WINDOWS\SYSTEM32\WINMM.dll
0x00007ff917b30000 - 0x00007ff917b3a000 	C:\WINDOWS\SYSTEM32\VERSION.dll
0x00007ff9032f0000 - 0x00007ff90331a000 	C:\WINDOWS\SYSTEM32\WINMMBASE.dll
0x00007ff91cd00000 - 0x00007ff91cd49000 	C:\WINDOWS\System32\cfgmgr32.dll
0x00007ff90ca90000 - 0x00007ff90ca9f000 	C:\Program Files\Java\jdk1.8.0_221\jre\bin\verify.dll
0x00007ff90b440000 - 0x00007ff90b469000 	C:\Program Files\Java\jdk1.8.0_221\jre\bin\java.dll
0x00007ff90b5c0000 - 0x00007ff90b5d6000 	C:\Program Files\Java\jdk1.8.0_221\jre\bin\zip.dll
0x00007ff91d240000 - 0x00007ff91e685000 	C:\WINDOWS\System32\SHELL32.dll
0x00007ff91ea50000 - 0x00007ff91eaf9000 	C:\WINDOWS\System32\shcore.dll
0x00007ff91c5d0000 - 0x00007ff91cce0000 	C:\WINDOWS\System32\windows.storage.dll
0x00007ff91e940000 - 0x00007ff91e991000 	C:\WINDOWS\System32\shlwapi.dll
0x00007ff91c0c0000 - 0x00007ff91c0d1000 	C:\WINDOWS\System32\kernel.appcore.dll
0x00007ff91c0e0000 - 0x00007ff91c0ff000 	C:\WINDOWS\System32\profapi.dll
0x00007ff91c100000 - 0x00007ff91c14c000 	C:\WINDOWS\System32\powrprof.dll
0x00007ff91c0b0000 - 0x00007ff91c0ba000 	C:\WINDOWS\System32\FLTLIB.DLL
0x00007ff917cc0000 - 0x00007ff917cca000 	C:\apache-maven-3.6.2\lib\jansi-native\windows64\jansi.dll
0x00007ff90a410000 - 0x00007ff90a42a000 	C:\Program Files\Java\jdk1.8.0_221\jre\bin\net.dll
0x00007ff9072c0000 - 0x00007ff90748b000 	C:\WINDOWS\SYSTEM32\urlmon.dll
0x00007ff907010000 - 0x00007ff9072b7000 	C:\WINDOWS\SYSTEM32\iertutil.dll
0x00007ff91bb00000 - 0x00007ff91bb0b000 	C:\WINDOWS\SYSTEM32\CRYPTBASE.DLL
0x00007ff91b930000 - 0x00007ff91b996000 	C:\WINDOWS\system32\mswsock.dll
0x00007ff90a3f0000 - 0x00007ff90a402000 	C:\Program Files\Java\jdk1.8.0_221\jre\bin\nio.dll

VM Arguments:
jvm_args: -Dclassworlds.conf=C:\apache-maven-3.6.2\bin\..\bin\m2.conf -Dmaven.home=C:\apache-maven-3.6.2\bin\.. -Dlibrary.jansi.path=C:\apache-maven-3.6.2\bin\..\lib\jansi-native -Dmaven.multiModuleProjectDirectory=c:\Users\gmarchetta\Documents\BBVA\RepoKarate 
java_command: org.codehaus.plexus.classworlds.launcher.Launcher help:effective-pom -Doutput=c:\Users\gmarchetta\AppData\Roaming\Code\User\workspaceStorage\b7dfc68b3b17c830009e141cd170d848\vscjava.vscode-maven\3cb997a3aaf54e3baee874ee1cba2bd2 -f c:\Users\gmarchetta\Documents\BBVA\RepoKarate\pom.xml
java_class_path (initial): C:\apache-maven-3.6.2\bin\..\boot\plexus-classworlds-2.6.0.jar
Launcher Type: SUN_STANDARD

Environment Variables:
JAVA_HOME=C:\Program Files\Java\jdk1.8.0_221
PATH=C:\Program Files (x86)\Common Files\Oracle\Java\javapath;C:\ProgramData\Oracle\Java\javapath;C:\Program Files\Common Files\Microsoft Shared\Microsoft Online Services;C:\Program Files (x86)\Common Files\Microsoft Shared\Microsoft Online Services;C:\WINDOWS\system32;C:\WINDOWS;C:\WINDOWS\System32\Wbem;C:\WINDOWS\System32\WindowsPowerShell\v1.0\;C:\Windows\CCM;C:\Program Files (x86)\Windows Kits\8.1\Windows Performance Toolkit\;C:\Program Files\Microsoft SQL Server\110\Tools\Binn\;C:\Program Files (x86)\Microsoft SDKs\TypeScript\1.0\;C:\Program Files\Microsoft SQL Server\120\Tools\Binn\;c:\Program Files (x86)\Microsoft SQL Server\110\Tools\Binn\;c:\Program Files\Microsoft SQL Server\110\DTS\Binn\;c:\Program Files (x86)\Microsoft SQL Server\110\Tools\Binn\ManagementStudio\;c:\Program Files (x86)\Microsoft SQL Server\110\DTS\Binn\;C:\WINDOWS\System32\OpenSSH\;C:\Program Files (x86)\Intel\Intel(R) Management Engine Components\DAL;C:\Program Files\Intel\Intel(R) Management Engine Components\DAL;C:\Program Files\Intel\WiFi\bin\;C:\Program Files\Common Files\Intel\WirelessCommon\;C:\apache-maven-3.6.2\bin;C:\Program Files\nodejs\;C:\Program Files\Git\cmd;C:\Program Files\RedHat\java-1.8.0-openjdk-1.8.0.242-3\bin;C:\Program Files\RedHat\java-1.8.0-openjdk-1.8.0.242-3\jre\bin;C:\Ruby27-x64\bin;C:\Users\gmarchetta\Desktop\Prueba Cucumber+Selenium\BrowsersDrivers;C:\Users\gmarchetta\AppData\Local\Programs\Python\Python37-32\Scripts\;C:\Users\gmarchetta\AppData\Local\Programs\Python\Python37-32\;C:\Users\gmarchetta\AppData\Local\Microsoft\WindowsApps;C:\Program Files\Intel\WiFi\bin\;C:\Program Files\Common Files\Intel\WirelessCommon\;C:\Program Files\JetBrains\RubyMine 2019.2.1\bin;C:\Users\gmarchetta\AppData\Roaming\npm;C:\Users\gmarchetta\AppData\Local\GitHubDesktop\bin;C:\Users\gmarchetta\AppData\Local\Programs\Microsoft VS Code\bin
USERNAME=gmarchetta
OS=Windows_NT
PROCESSOR_IDENTIFIER=Intel64 Family 6 Model 142 Stepping 9, GenuineIntel



---------------  S Y S T E M  ---------------

OS: Windows 10.0 , 64 bit Build 17134 (10.0.17134.1425)

CPU:total 4 (initial active 4) (2 cores per cpu, 2 threads per core) family 6 model 142 stepping 9, cmov, cx8, fxsr, mmx, sse, sse2, sse3, ssse3, sse4.1, sse4.2, popcnt, avx, avx2, aes, clmul, erms, rtm, 3dnowpref, lzcnt, ht, tsc, tscinvbit, bmi1, bmi2, adx

Memory: 4k page, physical 16416100k(3016700k free), swap 16416100k(5288k free)

vm_info: Java HotSpot(TM) 64-Bit Server VM (25.221-b11) for windows-amd64 JRE (1.8.0_221-b11), built on Jul  4 2019 04:39:29 by "java_re" with MS VC++ 10.0 (VS2010)

time: Sun May 10 04:19:38 2020
timezone: Argentina Standard Time
elapsed time: 4 seconds (0d 0h 0m 4s)

