17:06:22.266 karate.env system property was:  
17:06:24.955 request:
1 > GET https://api-play.bbva.com.ar/apibbvachannel/accounts/accounts/%3Ccbu_hash%3E
1 > Accept-Encoding: gzip,deflate
1 > Authorization: bearer F9MHzuYZrfpRqNFBCa1uz8nYlO0FXV58FXf2NjKiJ6g.mCko309YYsj8aJ3jEO7po-zi8kpWiT6L7WT2_oVv1MI
1 > Connection: Keep-Alive
1 > Host: api-play.bbva.com.ar
1 > User-Agent: Apache-HttpClient/4.5.11 (Java/1.8.0_221)

17:06:25.793 response time in milliseconds: 835,02
1 < 401
1 < Content-Length: 141
1 < Content-Type: application/json
1 < Date: Sat, 16 May 2020 20:06:25 GMT
1 < Set-Cookie: [92e7efa1708da794e9a17a9b9b28b490=68d839c474b6d17d032ff07d36d230f8; path=/; HttpOnly; Secure, REQ_UNIQUE_ID=83CC369FDAFAE5FC7864529F4E63D8A7;Path=/;Expires=Thu, 06-Jan-2022 20:06:25 GMT]
{"error":{"code":401,"status":"Unauthorized","reason":"Access token i says token is not active","message":"Access credentials are invalid"}}


17:06:25.793 status code was: 401, expected: 400, response time: 835, url: https://api-play.bbva.com.ar/apibbvachannel/accounts/accounts/%3Ccbu_hash%3E, response: {"error":{"reason":"Access token i says token is not active","code":401,"message":"Access credentials are invalid","status":"Unauthorized"}}
17:06:25.820 karate.env system property was:  
17:06:25.853 feature call failed: classpath:suite/accounts/loginUI.feature
arg: {"dni":"00671612)","usuario":"user","password":"pass"}
loginUI.feature:7 - javascript evaluation failed: loginUrlDesa, ReferenceError: "loginUrlDesa" is not defined in <eval> at line number 1
17:06:25.866 karate.env system property was:  
17:06:25.880 feature call failed: classpath:suite/accounts/loginUI.feature
arg: {"dni":"00671612)","usuario":"user","password":"pass"}
loginUI.feature:7 - javascript evaluation failed: loginUrlDesa, ReferenceError: "loginUrlDesa" is not defined in <eval> at line number 1
17:06:25.891 karate.env system property was:  
17:06:25.923 feature call failed: classpath:suite/accounts/loginUI.feature
arg: {"dni":"00671612)","usuario":"user","password":"pass"}
loginUI.feature:7 - javascript evaluation failed: loginUrlDesa, ReferenceError: "loginUrlDesa" is not defined in <eval> at line number 1
17:06:25.941 karate.env system property was:  
17:06:25.961 request:
1 > GET https://api-play.bbva.com.ar/apibbvachannel/accounts/accounts
1 > Accept-Encoding: gzip,deflate
1 > Authorization: bearer asdasdasdasd
1 > Connection: Keep-Alive
1 > Host: api-play.bbva.com.ar
1 > User-Agent: Apache-HttpClient/4.5.11 (Java/1.8.0_221)

17:06:26.030 response time in milliseconds: 69,18
1 < 401
1 < Content-Length: 141
1 < Content-Type: application/json
1 < Date: Sat, 16 May 2020 20:06:26 GMT
1 < Set-Cookie: [92e7efa1708da794e9a17a9b9b28b490=68d839c474b6d17d032ff07d36d230f8; path=/; HttpOnly; Secure, REQ_UNIQUE_ID=E344A8F2C45CD8A5E598FB51720212CF;Path=/;Expires=Thu, 06-Jan-2022 20:06:26 GMT]
{"error":{"code":401,"status":"Unauthorized","reason":"Access token i says token is not active","message":"Access credentials are invalid"}}


17:06:26.038 assertion failed: path: $.error.message, actual: 'Access credentials are invalid', expected: 'Invalid or missing credentials', reason: not a sub-string
17:06:26.042 karate.env system property was:  
17:06:26.053 request:
1 > GET https://api-play.bbva.com.ar/apibbvachannel/accounts/accounts
1 > Accept-Encoding: gzip,deflate
1 > Authorization: bearer Ju4VavWZkPl3vA9Qic048P641lJQ3k9LZmCbCP0WOEE.TT9U3m4qe9rpPxNZWN6K6-QzCZbpFL4SwoWGUXWah-Y
1 > Connection: Keep-Alive
1 > Host: api-play.bbva.com.ar
1 > User-Agent: Apache-HttpClient/4.5.11 (Java/1.8.0_221)

17:06:26.117 response time in milliseconds: 62,88
1 < 401
1 < Content-Length: 141
1 < Content-Type: application/json
1 < Date: Sat, 16 May 2020 20:06:26 GMT
1 < Set-Cookie: [92e7efa1708da794e9a17a9b9b28b490=68d839c474b6d17d032ff07d36d230f8; path=/; HttpOnly; Secure, REQ_UNIQUE_ID=EB3CA6A0D59B5970D712A02435B7174F;Path=/;Expires=Thu, 06-Jan-2022 20:06:26 GMT]
{"error":{"code":401,"status":"Unauthorized","reason":"Access token i says token is not active","message":"Access credentials are invalid"}}


17:06:26.121 assertion failed: path: $.error.message, actual: 'Access credentials are invalid', expected: 'The token provided already expired', reason: not a sub-string
17:06:26.129 karate.env system property was:  
17:06:26.129 request:
1 > GET https://api-play.bbva.com.ar/apibbvachannel/accounts/accounts
1 > Accept-Encoding: gzip,deflate
1 > Connection: Keep-Alive
1 > Host: api-play.bbva.com.ar
1 > User-Agent: Apache-HttpClient/4.5.11 (Java/1.8.0_221)

17:06:26.191 response time in milliseconds: 60,82
1 < 401
1 < Content-Length: 90
1 < Content-Type: application/json
1 < Date: Sat, 16 May 2020 20:06:26 GMT
1 < Set-Cookie: [92e7efa1708da794e9a17a9b9b28b490=68d839c474b6d17d032ff07d36d230f8; path=/; HttpOnly; Secure, REQ_UNIQUE_ID=19BEE6A380C9E3D4176DCF1B99EBAB36;Path=/;Expires=Thu, 06-Jan-2022 20:06:26 GMT]
{"error":{"code":401,"status":"Unauthorized","message":"Access credentials are invalid"}}


17:06:26.191 status code was: 401, expected: 500, response time: 61, url: https://api-play.bbva.com.ar/apibbvachannel/accounts/accounts, response: {"error":{"code":401,"message":"Access credentials are invalid","status":"Unauthorized"}}
son":"Access token i says token is not active","code":401,"message":"Access credentials are invalid","status":"Unauthorized"}}
11:23:22.336 karate.env system property was:  
11:23:22.339 request:
1 > GET https://api-play.bbva.com.ar/apibbvachannel/accounts/accounts/%3Ccbu_hash%3E
1 > Accept-Encoding: gzip,deflate
1 > Authorization: bearer F9MHzuYZrfpRqNFBCa1uz8nYlO0FXV58FXf2NjKiJ6g.mCko309YYsj8aJ3jEO7po-zi8kpWiT6L7WT2_oVv1MI
1 > Connection: Keep-Alive
1 > Host: api-play.bbva.com.ar
1 > User-Agent: Apache-HttpClient/4.5.11 (Java/1.8.0_221)

11:23:22.410 response time in milliseconds: 71,44
1 < 401
1 < Content-Length: 141
1 < Content-Type: application/json
1 < Date: Fri, 15 May 2020 14:23:22 GMT
1 < Set-Cookie: [92e7efa1708da794e9a17a9b9b28b490=68d839c474b6d17d032ff07d36d230f8; path=/; HttpOnly; Secure, REQ_UNIQUE_ID=242343C219CBC6AB0AC170010941F40F;Path=/;Expires=Wed, 05-Jan-2022 14:23:22 GMT]
{"error":{"code":401,"status":"Unauthorized","reason":"Access token i says token is not active","message":"Access credentials are invalid"}}


11:23:22.411 status code was: 401, expected: 500, response time: 71, url: https://api-play.bbva.com.ar/apibbvachannel/accounts/accounts/%3Ccbu_hash%3E, response: {"error":{"reason":"Access token i says token is not active","code":401,"message":"Access credentials are invalid","status":"Unauthorized"}}
11:23:22.418 karate.env system property was:  
11:23:22.437 preferred port 9222 not available, will use: 6837
11:23:25.580 waitUntil (js) - retry #1
11:23:29.632 waitUntil (js) - retry #1
11:23:36.661 [print] GML6sczZrfxnsCzrYj0GRwYgKlAWF9lqEbSfj948EBI.utU9tn3MhoQl6eh0Du0ZQgF6crJfQsL-tgA2ljL1voA

11:23:36.796 request:
1 > GET https://api-play.bbva.com.ar/apibbvachannel/accounts/accounts?cbuHash=001f6a5ccfb04c68ea476c929367fa2d6a11331f4c9524a6a78bf67884b590c3
1 > Accept-Encoding: gzip,deflate
1 > Authorization: bearer GML6sczZrfxnsCzrYj0GRwYgKlAWF9lqEbSfj948EBI.utU9tn3MhoQl6eh0Du0ZQgF6crJfQsL-tgA2ljL1voA

1 > Connection: Keep-Alive
1 > Host: api-play.bbva.com.ar
1 > User-Agent: Apache-HttpClient/4.5.11 (Java/1.8.0_221)

11:23:37.376 response time in milliseconds: 580,28
1 < 200
1 < Cache-control: private
1 < Content-Language: en-US
1 < Content-Length: 257
1 < Content-Type: application/json
1 < Date: Fri, 15 May 2020 14:24:29 GMT
1 < Set-Cookie: [92e7efa1708da794e9a17a9b9b28b490=68d839c474b6d17d032ff07d36d230f8; path=/; HttpOnly; Secure, REQ_UNIQUE_ID=81EA12384081EBD0B6B20742C93BA9F6;Path=/;Expires=Wed, 05-Jan-2022 14:23:37 GMT]
1 < X-Powered-By: Servlet/3.1
1 < X-Wily-Info: Clear guid=18B8E3074CF9E415C49B4D98DAFEF303
1 < X-Wily-Servlet: Encrypt1 AceomkUZZyKyh4YJCPEK/Hy01Bh/GHOV803qgqU1t7JEhPDqJiNcxwFOQtEXX0As2JjdNw8oUFqQFVP1KkNAPNoi04dDRubNjls6ImpAW1g7uEx1/bAKynaZeVPCk8Q7g9cx7OmAmb7JCh7x9n+Ea3VDMa3l0QWrMJX4gk+vQF20LellBnbMJsyCp2zLoyT2
[{"cbu":"0170218920000000244899","cbu_hash":"001f6a5ccfb04c68ea476c929367fa2d6a11331f4c9524a6a78bf67884b590c3","account_type":"CURRENT","account_number":"202180024489","account_balance":"400919.80","currency_code":"ARS","updated_at":"2020-05-13T14:28:24Z"}]

11:23:37.388 [print] [
  {
    "account_number": "202180024489",
    "account_type": "CURRENT",
    "account_balance": "400919.80",
    "updated_at": "2020-05-13T14:28:24Z",
    "cbu": "0170218920000000244899",
    "cbu_hash": "001f6a5ccfb04c68ea476c929367fa2d6a11331f4c9524a6a78bf67884b590c3",
    "currency_code": "ARS"
  }
]

11:23:37.413 karate.env system property was:  
11:23:37.449 preferred port 9222 not available, will use: 6946
11:23:41.342 waitUntil (js) - retry #1
11:23:44.856 waitUntil (js) - retry #1
11:23:50.869 waitUntil (js) - retry #2
11:23:57.369 [print] lpGraOGwsld55pEep3VuAIqq4PrOUT7ZdyXxGh4K9_c.YACjqzeVAqSR1VUm9OYBj13WUZY4MieiVOgfmNKJscw

11:23:57.406 request:
1 > GET https://api-play.bbva.com.ar/apibbvachannel/accounts/accounts?cbuHash=001f6a5ccfb04c68ea476c929367fa2d6a11331f4c9524a6a78bf67884b590c3
1 > Accept-Encoding: gzip,deflate
1 > Authorization: bearer lpGraOGwsld55pEep3VuAIqq4PrOUT7ZdyXxGh4K9_c.YACjqzeVAqSR1VUm9OYBj13WUZY4MieiVOgfmNKJscw

1 > Connection: Keep-Alive
1 > Host: api-play.bbva.com.ar
1 > User-Agent: Apache-HttpClient/4.5.11 (Java/1.8.0_221)

11:23:57.623 response time in milliseconds: 216,20
1 < 200
1 < Cache-control: private
1 < Content-Language: en-US
1 < Content-Length: 257
1 < Content-Type: application/json
1 < Date: Fri, 15 May 2020 14:24:49 GMT
1 < Set-Cookie: [92e7efa1708da794e9a17a9b9b28b490=68d839c474b6d17d032ff07d36d230f8; path=/; HttpOnly; Secure, REQ_UNIQUE_ID=42F885F53E85ECC3B40967890487BB35;Path=/;Expires=Wed, 05-Jan-2022 14:23:57 GMT]
1 < X-Powered-By: Servlet/3.1
1 < X-Wily-Info: Clear guid=18B932E04CF9E415C49B4D984F7C9141
1 < X-Wily-Servlet: Encrypt1 AceomkUZZyKyh4YJCPEK/Hy01Bh/GHOV803qgqU1t7JEhPDqJiNcxwFOQtEXX0As2JjdNw8oUFqQFVP1KkNAPNoi04dDRubNjls6ImpAW1g7uEx1/bAKynaZeVPCk8Q7g9cx7OmAmb7JCh7x9n+Ea3VDMa3l0QWrMJX4gk+vQF20LellBnbMJsyCp2zLoyT2
[{"cbu":"0170218920000000244899","cbu_hash":"001f6a5ccfb04c68ea476c929367fa2d6a11331f4c9524a6a78bf67884b590c3","account_type":"CURRENT","account_number":"202180024489","account_balance":"400919.80","currency_code":"ARS","updated_at":"2020-05-13T14:28:24Z"}]

